[2025-01-24T13:40:38.562Z] [INFO] Restored library folder: /home/trevor/Documents/Library
[2025-01-24T13:40:38.703Z] [INFO] Library folder exists: /home/trevor/Documents/Library
[2025-01-24T13:40:38.703Z] [INFO] Checking for main.db in: /home/trevor/Documents/Library/main.db
[2025-01-24T13:40:38.703Z] [INFO] Resolving main.db from: /home/trevor/Downloads/Odysee-File-Manager/src/assets/main.db
[2025-01-24T13:40:38.703Z] [DEBUG] Running on platform: linux, isPackaged: false
[2025-01-24T13:40:38.703Z] [INFO] main.db already exists in the library folder.
[2025-01-24T13:40:38.704Z] [INFO] main.db ensured in the library folder.
[2025-01-24T13:40:38.796Z] [DEBUG] About to call ensureLbrynetRunning...
[2025-01-24T13:40:38.796Z] [INFO] Checking lbrynet status...
[2025-01-24T13:40:38.796Z] [DEBUG] Sending status API request...
[2025-01-24T13:40:38.946Z] [DEBUG] lbrynet status check failed:
[2025-01-24T13:40:38.946Z] [INFO] lbrynet is not running. Starting the daemon...
[2025-01-24T13:40:38.947Z] [DEBUG] Platform:
[2025-01-24T13:40:38.947Z] [DEBUG] Base path:
[2025-01-24T13:40:38.947Z] [DEBUG] Full binary path:
[2025-01-24T13:40:38.947Z] [DEBUG] Using lbrynet path:
[2025-01-24T13:40:38.948Z] [INFO] Ensured executable permissions for lbrynet on:
[2025-01-24T13:40:38.948Z] [INFO] Starting lbrynet...
[2025-01-24T13:40:39.166Z] [DEBUG] Developer search listener and results counter added.
[2025-01-24T13:40:39.171Z] [INFO] renderer.js loaded and running
[2025-01-24T13:40:39.210Z] [INFO] Loaded Config:
[2025-01-24T13:40:39.210Z] [INFO] Using library folder:
[2025-01-24T13:40:39.246Z] [INFO] Developer list refreshed with 0 visible developers
[2025-01-24T13:40:41.958Z] [DEBUG] Sending status API request...
[2025-01-24T13:40:41.971Z] [WARN] blocks_behind is null. Assuming synchronization not started.
[2025-01-24T13:40:41.972Z] [DEBUG] Retry 1/120: Waiting for lbrynet to respond...
[2025-01-24T13:40:42.223Z] [INFO] Initializing developers...
[2025-01-24T13:40:42.223Z] [INFO] Initializing files...
[2025-01-24T13:40:42.224Z] [INFO] Received query request:
[2025-01-24T13:40:42.224Z] [DEBUG] Running query:
[2025-01-24T13:40:42.242Z] [DEBUG] Developers passed to loadDevelopers:
[2025-01-24T13:40:42.290Z] [INFO] Developers loaded into the UI.
[2025-01-24T13:40:42.397Z] [INFO] Query "fetchAllFiles" returned 15779 rows.
[2025-01-24T13:40:42.476Z] [INFO] Developer list refreshed with 1015 visible developers
[2025-01-24T13:40:42.712Z] [INFO] Developer list refreshed with 1015 visible developers
[2025-01-24T13:40:42.772Z] [DEBUG] Refreshing file list...
[2025-01-24T13:40:42.772Z] [DEBUG] Initial file count: 15779
[2025-01-24T13:40:42.776Z] [DEBUG] Unique files after deduplication: 15779
[2025-01-24T13:40:42.776Z] [DEBUG] Results counter updated: 15779
[2025-01-24T13:40:42.776Z] [DEBUG] Final file count for display: 15779
[2025-01-24T13:40:42.923Z] [DEBUG] Batch file statuses fetched:
[2025-01-24T13:40:42.929Z] [DEBUG] Deduplicated filtered files: 15632
[2025-01-24T13:40:42.930Z] [DEBUG] Total files to display: 15632
[2025-01-24T13:40:42.933Z] [INFO] File list loaded.
[2025-01-24T13:40:42.972Z] [DEBUG] Sending status API request...
[2025-01-24T13:40:42.978Z] [WARN] blocks_behind is null. Assuming synchronization not started.
[2025-01-24T13:40:42.978Z] [DEBUG] Retry 2/120: Waiting for lbrynet to respond...
[2025-01-24T13:40:43.979Z] [DEBUG] Sending status API request...
[2025-01-24T13:40:43.982Z] [WARN] blocks_behind is null. Assuming synchronization not started.
[2025-01-24T13:40:43.984Z] [DEBUG] Retry 3/120: Waiting for lbrynet to respond...
[2025-01-24T13:40:44.984Z] [DEBUG] Sending status API request...
[2025-01-24T13:40:44.987Z] [WARN] blocks_behind is null. Assuming synchronization not started.
[2025-01-24T13:40:44.987Z] [DEBUG] Retry 4/120: Waiting for lbrynet to respond...
[2025-01-24T13:40:45.986Z] [DEBUG] Sending status API request...
[2025-01-24T13:40:45.988Z] [WARN] blocks_behind is null. Assuming synchronization not started.
[2025-01-24T13:40:45.988Z] [DEBUG] Retry 5/120: Waiting for lbrynet to respond...
[2025-01-24T13:40:46.990Z] [DEBUG] Sending status API request...
[2025-01-24T13:40:46.997Z] [WARN] blocks_behind is null. Assuming synchronization not started.
[2025-01-24T13:40:46.997Z] [DEBUG] Retry 6/120: Waiting for lbrynet to respond...
[2025-01-24T13:40:48.000Z] [DEBUG] Sending status API request...
[2025-01-24T13:40:48.003Z] [WARN] blocks_behind is null. Assuming synchronization not started.
[2025-01-24T13:40:48.003Z] [DEBUG] Retry 7/120: Waiting for lbrynet to respond...
[2025-01-24T13:40:49.007Z] [DEBUG] Sending status API request...
[2025-01-24T13:40:49.009Z] [WARN] blocks_behind is null. Assuming synchronization not started.
[2025-01-24T13:40:49.009Z] [DEBUG] Retry 8/120: Waiting for lbrynet to respond...
[2025-01-24T13:40:50.011Z] [DEBUG] Sending status API request...
[2025-01-24T13:40:50.013Z] [WARN] blocks_behind is null. Assuming synchronization not started.
[2025-01-24T13:40:50.013Z] [DEBUG] Retry 9/120: Waiting for lbrynet to respond...
[2025-01-24T13:40:51.016Z] [DEBUG] Sending status API request...
[2025-01-24T13:40:51.019Z] [WARN] blocks_behind is null. Assuming synchronization not started.
[2025-01-24T13:40:51.019Z] [DEBUG] Retry 10/120: Waiting for lbrynet to respond...
[2025-01-24T13:40:52.022Z] [DEBUG] Sending status API request...
[2025-01-24T13:40:52.579Z] [DEBUG] Parsed blocks_behind:
[2025-01-24T13:40:52.579Z] [INFO] lbrynet is now running.
[2025-01-24T13:40:52.579Z] [DEBUG] Initial blocks_behind: 474787
[2025-01-24T13:40:52.579Z] [DEBUG] Sending status API request...
[2025-01-24T13:40:52.619Z] [DEBUG] Parsed blocks_behind:
[2025-01-24T13:40:52.620Z] [DEBUG] Syncing blockchain: 472786 blocks remaining...
[2025-01-24T13:40:52.620Z] [DEBUG] Received lbrynet-status update:
[2025-01-24T13:40:52.620Z] [DEBUG] Updated blocks remaining: 472786
[2025-01-24T13:40:53.619Z] [DEBUG] Sending status API request...
[2025-01-24T13:40:53.621Z] [DEBUG] Parsed blocks_behind:
[2025-01-24T13:40:53.622Z] [DEBUG] Syncing blockchain: 460780 blocks remaining...
[2025-01-24T13:40:53.623Z] [DEBUG] Received lbrynet-status update:
[2025-01-24T13:40:53.623Z] [DEBUG] Updated blocks remaining: 460780
[2025-01-24T13:40:54.624Z] [DEBUG] Sending status API request...
[2025-01-24T13:40:54.626Z] [DEBUG] Parsed blocks_behind:
[2025-01-24T13:40:54.626Z] [DEBUG] Syncing blockchain: 448774 blocks remaining...
[2025-01-24T13:40:54.627Z] [DEBUG] Received lbrynet-status update:
[2025-01-24T13:40:54.627Z] [DEBUG] Updated blocks remaining: 448774
[2025-01-24T13:40:55.627Z] [DEBUG] Sending status API request...
[2025-01-24T13:40:55.635Z] [DEBUG] Parsed blocks_behind:
[2025-01-24T13:40:55.635Z] [DEBUG] Syncing blockchain: 434767 blocks remaining...
[2025-01-24T13:40:55.636Z] [DEBUG] Received lbrynet-status update:
[2025-01-24T13:40:55.636Z] [DEBUG] Updated blocks remaining: 434767
[2025-01-24T13:40:56.639Z] [DEBUG] Sending status API request...
[2025-01-24T13:40:56.643Z] [DEBUG] Parsed blocks_behind:
[2025-01-24T13:40:56.643Z] [DEBUG] Syncing blockchain: 430765 blocks remaining...
[2025-01-24T13:40:56.643Z] [DEBUG] Received lbrynet-status update:
[2025-01-24T13:40:56.644Z] [DEBUG] Updated blocks remaining: 430765
[2025-01-24T13:40:57.643Z] [DEBUG] Sending status API request...
[2025-01-24T13:40:57.645Z] [DEBUG] Parsed blocks_behind:
[2025-01-24T13:40:57.645Z] [DEBUG] Syncing blockchain: 424762 blocks remaining...
[2025-01-24T13:40:57.647Z] [DEBUG] Received lbrynet-status update:
[2025-01-24T13:40:57.647Z] [DEBUG] Updated blocks remaining: 424762
[2025-01-24T13:40:58.646Z] [DEBUG] Sending status API request...
[2025-01-24T13:40:58.648Z] [DEBUG] Parsed blocks_behind:
[2025-01-24T13:40:58.648Z] [DEBUG] Syncing blockchain: 418759 blocks remaining...
[2025-01-24T13:40:58.650Z] [DEBUG] Received lbrynet-status update:
[2025-01-24T13:40:58.651Z] [DEBUG] Updated blocks remaining: 418759
[2025-01-24T13:40:59.649Z] [DEBUG] Sending status API request...
[2025-01-24T13:40:59.651Z] [DEBUG] Parsed blocks_behind:
[2025-01-24T13:40:59.651Z] [DEBUG] Syncing blockchain: 408754 blocks remaining...
[2025-01-24T13:40:59.657Z] [DEBUG] Received lbrynet-status update:
[2025-01-24T13:40:59.658Z] [DEBUG] Updated blocks remaining: 408754
[2025-01-24T13:41:00.659Z] [DEBUG] Sending status API request...
[2025-01-24T13:41:00.661Z] [DEBUG] Parsed blocks_behind:
[2025-01-24T13:41:00.661Z] [DEBUG] Syncing blockchain: 396748 blocks remaining...
[2025-01-24T13:41:00.663Z] [DEBUG] Received lbrynet-status update:
[2025-01-24T13:41:00.663Z] [DEBUG] Updated blocks remaining: 396748
[2025-01-24T13:41:01.663Z] [DEBUG] Sending status API request...
[2025-01-24T13:41:01.664Z] [DEBUG] Parsed blocks_behind:
[2025-01-24T13:41:01.665Z] [DEBUG] Syncing blockchain: 384742 blocks remaining...
[2025-01-24T13:41:01.666Z] [DEBUG] Received lbrynet-status update:
[2025-01-24T13:41:01.666Z] [DEBUG] Updated blocks remaining: 384742
[2025-01-24T13:41:02.665Z] [DEBUG] Sending status API request...
[2025-01-24T13:41:02.705Z] [DEBUG] Parsed blocks_behind:
[2025-01-24T13:41:02.706Z] [DEBUG] Syncing blockchain: 370735 blocks remaining...
[2025-01-24T13:41:02.706Z] [DEBUG] Received lbrynet-status update:
[2025-01-24T13:41:02.706Z] [DEBUG] Updated blocks remaining: 370735
[2025-01-24T13:41:03.707Z] [DEBUG] Sending status API request...
[2025-01-24T13:41:03.709Z] [DEBUG] Parsed blocks_behind:
[2025-01-24T13:41:03.709Z] [DEBUG] Syncing blockchain: 358729 blocks remaining...
[2025-01-24T13:41:03.711Z] [DEBUG] Received lbrynet-status update:
[2025-01-24T13:41:03.711Z] [DEBUG] Updated blocks remaining: 358729
[2025-01-24T13:41:04.710Z] [DEBUG] Sending status API request...
[2025-01-24T13:41:04.714Z] [DEBUG] Parsed blocks_behind:
[2025-01-24T13:41:04.714Z] [DEBUG] Syncing blockchain: 346723 blocks remaining...
[2025-01-24T13:41:04.715Z] [DEBUG] Received lbrynet-status update:
[2025-01-24T13:41:04.715Z] [DEBUG] Updated blocks remaining: 346723
[2025-01-24T13:41:05.715Z] [DEBUG] Sending status API request...
[2025-01-24T13:41:05.717Z] [DEBUG] Parsed blocks_behind:
[2025-01-24T13:41:05.717Z] [DEBUG] Syncing blockchain: 334717 blocks remaining...
[2025-01-24T13:41:05.718Z] [DEBUG] Received lbrynet-status update:
[2025-01-24T13:41:05.718Z] [DEBUG] Updated blocks remaining: 334717
[2025-01-24T13:41:06.662Z] [INFO] All windows closed. Exiting application.
[2025-01-24T13:41:06.663Z] [INFO] App is quitting...
